# JRE version: OpenJDK Runtime Environment GraalVM CE 21.3.0 (11.0.13+7) (build 11.0.13+7-jvmci-21.3-b05)
# Java VM: OpenJDK 64-Bit Server VM GraalVM CE 21.3.0 (11.0.13+7-jvmci-21.3-b05, mixed mode, sharing, tiered, jvmci, jvmci compiler, compressed oops, g1 gc, bsd-amd64)
Heap:
 garbage-first heap   total 2207744K, used 422731K [0x0000000400000000, 0x0000000800000000)
  region size 4096K, 84 young (344064K), 7 survivors (28672K)
 Metaspace       used 85442K, capacity 88814K, committed 89120K, reserved 1128448K
  class space    used 9462K, capacity 10805K, committed 10904K, reserved 1048576K
GC Heap History (20 events):
Event: 0.795 GC heap before
{Heap before GC invocations=0 (full 0):
 garbage-first heap   total 1056768K, used 48860K [0x0000000400000000, 0x0000000800000000)
  region size 4096K, 12 young (49152K), 0 survivors (0K)
 Metaspace       used 4378K, capacity 5760K, committed 6016K, reserved 1056768K
  class space    used 366K, capacity 598K, committed 640K, reserved 1048576K
}
Event: 0.814 GC heap after
{Heap after GC invocations=1 (full 0):
 garbage-first heap   total 1056768K, used 27821K [0x0000000400000000, 0x0000000800000000)
  region size 4096K, 2 young (8192K), 2 survivors (8192K)
 Metaspace       used 4378K, capacity 5760K, committed 6016K, reserved 1056768K
  class space    used 366K, capacity 598K, committed 640K, reserved 1048576K
}
Event: 0.924 GC heap before
{Heap before GC invocations=1 (full 0):
 garbage-first heap   total 1056768K, used 68781K [0x0000000400000000, 0x0000000800000000)
  region size 4096K, 12 young (49152K), 2 survivors (8192K)
 Metaspace       used 4437K, capacity 5760K, committed 6016K, reserved 1056768K
  class space    used 368K, capacity 598K, committed 640K, reserved 1048576K
}
Event: 0.938 GC heap after
{Heap after GC invocations=2 (full 0):
 garbage-first heap   total 1056768K, used 45065K [0x0000000400000000, 0x0000000800000000)
  region size 4096K, 2 young (8192K), 2 survivors (8192K)
 Metaspace       used 4437K, capacity 5760K, committed 6016K, reserved 1056768K
  class space    used 368K, capacity 598K, committed 640K, reserved 1048576K
}
Event: 1.034 GC heap before
{Heap before GC invocations=2 (full 0):
 garbage-first heap   total 1056768K, used 86025K [0x0000000400000000, 0x0000000800000000)
  region size 4096K, 12 young (49152K), 2 survivors (8192K)
 Metaspace       used 4558K, capacity 5860K, committed 6016K, reserved 1056768K
  class space    used 380K, capacity 609K, committed 640K, reserved 1048576K
}
Event: 1.051 GC heap after
{Heap after GC invocations=3 (full 0):
 garbage-first heap   total 1056768K, used 69340K [0x0000000400000000, 0x0000000800000000)
  region size 4096K, 2 young (8192K), 2 survivors (8192K)
 Metaspace       used 4558K, capacity 5860K, committed 6016K, reserved 1056768K
  class space    used 380K, capacity 609K, committed 640K, reserved 1048576K
}
Event: 1.265 GC heap before
{Heap before GC invocations=3 (full 0):
 garbage-first heap   total 1056768K, used 106204K [0x0000000400000000, 0x0000000800000000)
  region size 4096K, 12 young (49152K), 2 survivors (8192K)
 Metaspace       used 6579K, capacity 6989K, committed 7296K, reserved 1056768K
  class space    used 616K, capacity 774K, committed 896K, reserved 1048576K
}
Event: 1.274 GC heap after
{Heap after GC invocations=4 (full 0):
 garbage-first heap   total 1056768K, used 76674K [0x0000000400000000, 0x0000000800000000)
  region size 4096K, 2 young (8192K), 2 survivors (8192K)
 Metaspace       used 6579K, capacity 6989K, committed 7296K, reserved 1056768K
  class space    used 616K, capacity 774K, committed 896K, reserved 1048576K
}
Event: 1.528 GC heap before
{Heap before GC invocations=4 (full 0):
 garbage-first heap   total 1056768K, used 121730K [0x0000000400000000, 0x0000000800000000)
  region size 4096K, 14 young (57344K), 2 survivors (8192K)
 Metaspace       used 9051K, capacity 9613K, committed 9856K, reserved 1058816K
  class space    used 911K, capacity 1138K, committed 1152K, reserved 1048576K
}
Event: 1.537 GC heap after
{Heap after GC invocations=5 (full 0):
 garbage-first heap   total 1593344K, used 79660K [0x0000000400000000, 0x0000000800000000)
  region size 4096K, 1 young (4096K), 1 survivors (4096K)
 Metaspace       used 9051K, capacity 9613K, committed 9856K, reserved 1058816K
  class space    used 911K, capacity 1138K, committed 1152K, reserved 1048576K
}
Event: 2.181 GC heap before
{Heap before GC invocations=5 (full 0):
 garbage-first heap   total 1593344K, used 165676K [0x0000000400000000, 0x0000000800000000)
  region size 4096K, 23 young (94208K), 1 survivors (4096K)
 Metaspace       used 16296K, capacity 16986K, committed 17152K, reserved 1064960K
  class space    used 1722K, capacity 1998K, committed 2048K, reserved 1048576K
}
Event: 2.186 GC heap after
{Heap after GC invocations=6 (full 0):
 garbage-first heap   total 1593344K, used 83644K [0x0000000400000000, 0x0000000800000000)
  region size 4096K, 2 young (8192K), 2 survivors (8192K)
 Metaspace       used 16296K, capacity 16986K, committed 17152K, reserved 1064960K
  class space    used 1722K, capacity 1998K, committed 2048K, reserved 1048576K
}
Event: 2.396 GC heap before
{Heap before GC invocations=6 (full 0):
 garbage-first heap   total 1593344K, used 136892K [0x0000000400000000, 0x0000000800000000)
  region size 4096K, 16 young (65536K), 2 survivors (8192K)
 Metaspace       used 20302K, capacity 21144K, committed 21296K, reserved 1069056K
  class space    used 2259K, capacity 2636K, committed 2688K, reserved 1048576K
}
Event: 2.406 GC heap after
{Heap after GC invocations=7 (full 0):
 garbage-first heap   total 1593344K, used 86093K [0x0000000400000000, 0x0000000800000000)
  region size 4096K, 3 young (12288K), 3 survivors (12288K)
 Metaspace       used 20302K, capacity 21144K, committed 21296K, reserved 1069056K
  class space    used 2259K, capacity 2636K, committed 2688K, reserved 1048576K
}
Event: 3.336 GC heap before
{Heap before GC invocations=8 (full 0):
 garbage-first heap   total 1593344K, used 233549K [0x0000000400000000, 0x0000000800000000)
  region size 4096K, 39 young (159744K), 3 survivors (12288K)
 Metaspace       used 36363K, capacity 37837K, committed 37964K, reserved 1083392K
  class space    used 4042K, capacity 4638K, committed 4684K, reserved 1048576K
}
Event: 3.372 GC heap after
{Heap after GC invocations=9 (full 0):
 garbage-first heap   total 1593344K, used 102876K [0x0000000400000000, 0x0000000800000000)
  region size 4096K, 5 young (20480K), 5 survivors (20480K)
 Metaspace       used 36363K, capacity 37837K, committed 37964K, reserved 1083392K
  class space    used 4042K, capacity 4638K, committed 4684K, reserved 1048576K
}
Event: 5.068 GC heap before
{Heap before GC invocations=10 (full 0):
 garbage-first heap   total 1593344K, used 418268K [0x0000000400000000, 0x0000000800000000)
  region size 4096K, 82 young (335872K), 5 survivors (20480K)
 Metaspace       used 58690K, capacity 61032K, committed 61260K, reserved 1101824K
  class space    used 7006K, capacity 7940K, committed 8012K, reserved 1048576K
}
Event: 5.094 GC heap after
{Heap after GC invocations=11 (full 0):
 garbage-first heap   total 2207744K, used 114571K [0x0000000400000000, 0x0000000800000000)
  region size 4096K, 8 young (32768K), 8 survivors (32768K)
 Metaspace       used 58690K, capacity 61032K, committed 61260K, reserved 1101824K
  class space    used 7006K, capacity 7940K, committed 8012K, reserved 1048576K
}
Event: 6.135 GC heap before
{Heap before GC invocations=11 (full 0):
 garbage-first heap   total 2207744K, used 221067K [0x0000000400000000, 0x0000000800000000)
  region size 4096K, 35 young (143360K), 8 survivors (32768K)
 Metaspace       used 61039K, capacity 63639K, committed 63700K, reserved 1105920K
  class space    used 7239K, capacity 8267K, committed 8268K, reserved 1048576K
}
Event: 6.190 GC heap after
{Heap after GC invocations=12 (full 0):
 garbage-first heap   total 2207744K, used 115531K [0x0000000400000000, 0x0000000800000000)
  region size 4096K, 7 young (28672K), 7 survivors (28672K)
 Metaspace       used 61039K, capacity 63639K, committed 63700K, reserved 1105920K
  class space    used 7239K, capacity 8267K, committed 8268K, reserved 1048576K
}

