# JRE version: OpenJDK Runtime Environment GraalVM CE 21.3.0 (11.0.13+7) (build 11.0.13+7-jvmci-21.3-b05)
# Java VM: OpenJDK 64-Bit Server VM GraalVM CE 21.3.0 (11.0.13+7-jvmci-21.3-b05, mixed mode, sharing, tiered, jvmci, jvmci compiler, compressed oops, g1 gc, bsd-amd64)
Heap:
 garbage-first heap   total 1806336K, used 358377K [0x0000000400000000, 0x0000000800000000)
  region size 4096K, 73 young (299008K), 8 survivors (32768K)
 Metaspace       used 95262K, capacity 100059K, committed 100348K, reserved 1136640K
  class space    used 10954K, capacity 12877K, committed 12924K, reserved 1048576K
GC Heap History (20 events):
Event: 0.824 GC heap before
{Heap before GC invocations=0 (full 0):
 garbage-first heap   total 1056768K, used 52956K [0x0000000400000000, 0x0000000800000000)
  region size 4096K, 12 young (49152K), 0 survivors (0K)
 Metaspace       used 4396K, capacity 5760K, committed 6016K, reserved 1056768K
  class space    used 366K, capacity 598K, committed 640K, reserved 1048576K
}
Event: 0.847 GC heap after
{Heap after GC invocations=1 (full 0):
 garbage-first heap   total 1056768K, used 27574K [0x0000000400000000, 0x0000000800000000)
  region size 4096K, 2 young (8192K), 2 survivors (8192K)
 Metaspace       used 4396K, capacity 5760K, committed 6016K, reserved 1056768K
  class space    used 366K, capacity 598K, committed 640K, reserved 1048576K
}
Event: 0.952 GC heap before
{Heap before GC invocations=1 (full 0):
 garbage-first heap   total 1056768K, used 68534K [0x0000000400000000, 0x0000000800000000)
  region size 4096K, 12 young (49152K), 2 survivors (8192K)
 Metaspace       used 4538K, capacity 5860K, committed 6016K, reserved 1056768K
  class space    used 380K, capacity 609K, committed 640K, reserved 1048576K
}
Event: 0.963 GC heap after
{Heap after GC invocations=2 (full 0):
 garbage-first heap   total 1056768K, used 47490K [0x0000000400000000, 0x0000000800000000)
  region size 4096K, 2 young (8192K), 2 survivors (8192K)
 Metaspace       used 4538K, capacity 5860K, committed 6016K, reserved 1056768K
  class space    used 380K, capacity 609K, committed 640K, reserved 1048576K
}
Event: 1.291 GC heap before
{Heap before GC invocations=2 (full 0):
 garbage-first heap   total 1056768K, used 88450K [0x0000000400000000, 0x0000000800000000)
  region size 4096K, 12 young (49152K), 2 survivors (8192K)
 Metaspace       used 8219K, capacity 8710K, committed 8960K, reserved 1056768K
  class space    used 787K, capacity 972K, committed 1024K, reserved 1048576K
}
Event: 1.299 GC heap after
{Heap after GC invocations=3 (full 0):
 garbage-first heap   total 1056768K, used 56987K [0x0000000400000000, 0x0000000800000000)
  region size 4096K, 2 young (8192K), 2 survivors (8192K)
 Metaspace       used 8219K, capacity 8710K, committed 8960K, reserved 1056768K
  class space    used 787K, capacity 972K, committed 1024K, reserved 1048576K
}
Event: 1.699 GC heap before
{Heap before GC invocations=3 (full 0):
 garbage-first heap   total 1056768K, used 97947K [0x0000000400000000, 0x0000000800000000)
  region size 4096K, 12 young (49152K), 2 survivors (8192K)
 Metaspace       used 14018K, capacity 14806K, committed 15104K, reserved 1062912K
  class space    used 1434K, capacity 1697K, committed 1792K, reserved 1048576K
}
Event: 1.704 GC heap after
{Heap after GC invocations=4 (full 0):
 garbage-first heap   total 1056768K, used 61503K [0x0000000400000000, 0x0000000800000000)
  region size 4096K, 1 young (4096K), 1 survivors (4096K)
 Metaspace       used 14018K, capacity 14806K, committed 15104K, reserved 1062912K
  class space    used 1434K, capacity 1697K, committed 1792K, reserved 1048576K
}
Event: 1.914 GC heap before
{Heap before GC invocations=4 (full 0):
 garbage-first heap   total 1056768K, used 110655K [0x0000000400000000, 0x0000000800000000)
  region size 4096K, 13 young (53248K), 1 survivors (4096K)
 Metaspace       used 18835K, capacity 19967K, committed 20096K, reserved 1067008K
  class space    used 2185K, capacity 2637K, committed 2688K, reserved 1048576K
}
Event: 1.918 GC heap after
{Heap after GC invocations=5 (full 0):
 garbage-first heap   total 1396736K, used 65028K [0x0000000400000000, 0x0000000800000000)
  region size 4096K, 2 young (8192K), 2 survivors (8192K)
 Metaspace       used 18835K, capacity 19967K, committed 20096K, reserved 1067008K
  class space    used 2185K, capacity 2637K, committed 2688K, reserved 1048576K
}
Event: 1.940 GC heap before
{Heap before GC invocations=5 (full 0):
 garbage-first heap   total 1396736K, used 81412K [0x0000000400000000, 0x0000000800000000)
  region size 4096K, 7 young (28672K), 2 survivors (8192K)
 Metaspace       used 20019K, capacity 21246K, committed 21504K, reserved 1069056K
  class space    used 2305K, capacity 2761K, committed 2816K, reserved 1048576K
}
Event: 1.946 GC heap after
{Heap after GC invocations=6 (full 0):
 garbage-first heap   total 1396736K, used 66615K [0x0000000400000000, 0x0000000800000000)
  region size 4096K, 2 young (8192K), 2 survivors (8192K)
 Metaspace       used 20019K, capacity 21246K, committed 21504K, reserved 1069056K
  class space    used 2305K, capacity 2761K, committed 2816K, reserved 1048576K
}
Event: 2.347 GC heap before
{Heap before GC invocations=7 (full 0):
 garbage-first heap   total 1396736K, used 156727K [0x0000000400000000, 0x0000000800000000)
  region size 4096K, 25 young (102400K), 2 survivors (8192K)
 Metaspace       used 24258K, capacity 25570K, committed 25852K, reserved 1071104K
  class space    used 2720K, capacity 3242K, committed 3324K, reserved 1048576K
}
Event: 2.371 GC heap after
{Heap after GC invocations=8 (full 0):
 garbage-first heap   total 1396736K, used 79708K [0x0000000400000000, 0x0000000800000000)
  region size 4096K, 4 young (16384K), 4 survivors (16384K)
 Metaspace       used 24258K, capacity 25570K, committed 25852K, reserved 1071104K
  class space    used 2720K, capacity 3242K, committed 3324K, reserved 1048576K
}
Event: 3.155 GC heap before
{Heap before GC invocations=9 (full 0):
 garbage-first heap   total 1396736K, used 251740K [0x0000000400000000, 0x0000000800000000)
  region size 4096K, 46 young (188416K), 4 survivors (16384K)
 Metaspace       used 36893K, capacity 38909K, committed 39164K, reserved 1083392K
  class space    used 4421K, capacity 5274K, committed 5372K, reserved 1048576K
}
Event: 3.163 GC heap after
{Heap after GC invocations=10 (full 0):
 garbage-first heap   total 1396736K, used 81213K [0x0000000400000000, 0x0000000800000000)
  region size 4096K, 4 young (16384K), 4 survivors (16384K)
 Metaspace       used 36893K, capacity 38909K, committed 39164K, reserved 1083392K
  class space    used 4421K, capacity 5274K, committed 5372K, reserved 1048576K
}
Event: 3.666 GC heap before
{Heap before GC invocations=10 (full 0):
 garbage-first heap   total 1396736K, used 179517K [0x0000000400000000, 0x0000000800000000)
  region size 4096K, 29 young (118784K), 4 survivors (16384K)
 Metaspace       used 40496K, capacity 42893K, committed 43004K, reserved 1087488K
  class space    used 4795K, capacity 5819K, committed 5884K, reserved 1048576K
}
Event: 3.673 GC heap after
{Heap after GC invocations=11 (full 0):
 garbage-first heap   total 1806336K, used 82633K [0x0000000400000000, 0x0000000800000000)
  region size 4096K, 4 young (16384K), 4 survivors (16384K)
 Metaspace       used 40496K, capacity 42893K, committed 43004K, reserved 1087488K
  class space    used 4795K, capacity 5819K, committed 5884K, reserved 1048576K
}
Event: 6.554 GC heap before
{Heap before GC invocations=12 (full 0):
 garbage-first heap   total 1806336K, used 639689K [0x0000000400000000, 0x0000000800000000)
  region size 4096K, 141 young (577536K), 4 survivors (16384K)
 Metaspace       used 68566K, capacity 72315K, committed 72368K, reserved 1114112K
  class space    used 7436K, capacity 8916K, committed 8956K, reserved 1048576K
}
Event: 6.565 GC heap after
{Heap after GC invocations=13 (full 0):
 garbage-first heap   total 1806336K, used 96233K [0x0000000400000000, 0x0000000800000000)
  region size 4096K, 8 young (32768K), 8 survivors (32768K)
 Metaspace       used 68566K, capacity 72315K, committed 72368K, reserved 1114112K
  class space    used 7436K, capacity 8916K, committed 8956K, reserved 1048576K
}

